2025-05-16T14:34:38.842Z -
GET /todos
2025-05-16T14:34:38.875Z -
GET /favicon.ico
2025-05-31T18:46:15.677Z -
    GET /todos
2025-05-31T18:46:15.720Z -
    GET /favicon.ico
2025-05-31T18:46:26.436Z -
    GET /todos
2025-05-31T18:47:41.030Z -
    POST /todos
2025-05-31T18:47:46.602Z -
    GET /todos
2025-05-31T18:54:54.368Z -
    GET /todos
2025-05-31T18:55:00.935Z -
    POST /todos
2025-05-31T18:55:12.573Z -
    GET /todos
2025-05-31T18:55:21.157Z -
    DELETE /todos/3
2025-05-31T18:55:54.269Z -
    POST /todos
2025-05-31T18:55:56.551Z -
    DELETE /todos/3
2025-05-31T18:55:59.467Z -
    POST /todos
2025-05-31T18:56:05.976Z -
    GET /todos
2025-05-31T18:56:09.303Z -
    DELETE /todos/3
2025-05-31T18:56:11.251Z -
    GET /todos
2025-06-12T05:59:31.166Z -
    GET /
2025-06-12T06:00:08.774Z -
    GET /todo-list
2025-06-12T06:00:38.679Z -
    POST /todos
2025-06-12T06:01:15.194Z -
    GET /todos/1
2025-06-12T06:01:33.742Z -
    GET /todos
2025-06-12T06:02:42.181Z -
    DELETE /todos/3
2025-06-12T06:02:45.789Z -
    GET /todos
2025-06-12T09:49:43.493Z -
    GET /
2025-06-12T09:49:55.263Z -
    GET /todo-list
2025-06-12T09:51:13.956Z -
    GET /todo-list
2025-06-12T09:51:14.261Z -
    GET /todo-list
2025-06-12T09:52:36.407Z -
    GET /todo-form
2025-06-12T09:54:36.716Z -
    GET /add-todo
2025-06-12T09:54:54.820Z -
    GET /add-todo
2025-06-12T09:56:14.143Z -
    POST /todos
2025-06-12T09:56:28.816Z -
    GET /todo-list
2025-06-12T10:01:47.494Z -
    GET /todo-list
2025-06-12T10:01:47.800Z -
    GET /todo-list
2025-06-12T10:01:48.598Z -
    GET /add-todo
2025-06-12T10:01:52.245Z -
    GET /add-todo
2025-06-12T10:54:22.825Z -
    GET /todo-list
2025-06-12T10:54:45.357Z -
    GET /todo-list
2025-06-12T10:54:45.638Z -
    GET /todo-list
2025-06-12T10:54:47.607Z -
    POST /todo/1/done
2025-06-12T10:55:27.196Z -
    POST /todo/1/done
2025-06-12T10:55:29.534Z -
    POST /todo/1/done
2025-06-12T10:56:31.459Z -
    GET /todo-list
2025-06-12T10:56:31.803Z -
    GET /todo-list
2025-06-12T10:56:32.499Z -
    POST /todo/1/done
2025-06-12T10:56:47.503Z -
    GET /todo-list
2025-06-12T10:56:48.639Z -
    POST /todo/1/done
2025-06-12T10:56:52.947Z -
    POST /todo/1/done
2025-06-12T10:57:03.939Z -
    POST /todo/1/done
2025-06-12T10:57:06.149Z -
    POST /todo/1/done
2025-06-12T10:57:48.301Z -
    POST /todo/1/done
2025-06-12T10:57:56.428Z -
    POST /todo/1/done
2025-06-12T10:58:39.809Z -
    POST /todo/1/done
2025-06-12T10:58:39.816Z -
    GET /todo-list
2025-06-12T11:00:52.859Z -
    GET /todo-list
2025-06-12T11:00:56.961Z -
    GET /todo-list
2025-06-12T11:00:58.135Z -
    GET /todo-list
2025-06-12T11:04:45.216Z -
    GET /todo-list
2025-06-12T11:04:45.545Z -
    GET /todo-list
2025-06-12T11:04:50.478Z -
    POST /todos/1/delete
2025-06-12T11:04:50.482Z -
    GET /todo-list
2025-06-12T11:05:23.079Z -
    GET /todo-list
2025-06-12T11:05:23.437Z -
    GET /todo-list
2025-06-12T11:05:24.295Z -
    POST /todos/2/delete
2025-06-12T11:05:24.301Z -
    GET /todo-list
2025-06-12T11:05:25.784Z -
    GET /add-todo
2025-06-12T11:05:30.550Z -
    POST /todos
2025-06-12T11:05:30.553Z -
    GET /todo-list
2025-06-12T11:05:32.411Z -
    POST /todo/1/done
2025-06-12T11:05:32.415Z -
    GET /todo-list
2025-06-12T11:05:33.249Z -
    POST /todos/1/delete
2025-06-12T11:05:33.254Z -
    GET /todo-list
2025-06-12T11:06:49.982Z -
    GET /todo-list
2025-06-12T11:06:51.086Z -
    POST /todo/1/done
2025-06-12T11:06:51.093Z -
    GET /todo-list
2025-06-12T11:07:15.333Z -
    GET /todo-list
2025-06-12T11:07:16.812Z -
    POST /todo/2/done
2025-06-12T11:07:16.818Z -
    GET /todo-list
2025-06-12T11:07:17.331Z -
    POST /todo/1/done
2025-06-12T11:07:17.341Z -
    GET /todo-list
2025-06-12T11:07:19.074Z -
    GET /todo-list
2025-06-12T12:46:18.224Z -
    GET /todo-list
2025-06-12T12:46:19.673Z -
    POST /tasks/1
2025-06-12T12:53:14.672Z -
    POST /tasks/1
2025-06-12T12:54:42.966Z -
    GET /todo-list
2025-06-12T12:55:23.338Z -
    GET /todo-list
2025-06-12T12:55:23.870Z -
    GET /todo-list
2025-06-12T18:30:13.274Z -
    GET /todos
2025-06-12T18:39:26.871Z -
    GET /
2025-06-12T18:52:59.541Z -
    GET /
2025-06-12T19:00:36.074Z -
    GET /
2025-06-12T19:00:36.553Z -
    GET /
2025-06-12T19:00:38.748Z -
    GET /
2025-06-12T19:07:12.090Z -
    GET /todo-list
2025-06-12T19:07:12.871Z -
    GET /todo-list
2025-06-12T19:09:30.198Z -
    GET /todo-list
2025-06-12T19:20:59.354Z -
    GET /todo-list
2025-06-12T19:23:20.871Z -
    GET /todo-list
2025-06-12T19:29:26.595Z -
    POST /tasks/add
2025-06-12T19:29:26.635Z -
    POST /todo-list
2025-06-12T19:34:30.995Z -
    GET /todo-list
2025-06-12T19:34:32.073Z -
    GET /add-todo
2025-06-12T19:34:38.547Z -
    POST /tasks/add
2025-06-12T19:34:38.574Z -
    GET /todo-list
2025-06-12T19:35:13.892Z -
    GET /todo-list
2025-06-12T19:35:17.441Z -
    GET /add-todo
2025-06-12T19:35:29.249Z -
    POST /tasks/add
2025-06-12T19:35:29.289Z -
    GET /todo-list
2025-06-12T19:40:12.534Z -
    GET /todo-list
2025-06-12T19:40:14.318Z -
    POST /tasks/684b2a967657c97ea468272a/done
2025-06-12T19:40:14.389Z -
    GET /todo-list
2025-06-12T19:40:16.270Z -
    POST /tasks/684b2bce98bc836accc26b18/done
2025-06-12T19:40:16.329Z -
    GET /todo-list
2025-06-12T19:40:17.243Z -
    POST /tasks/684b2c0198bc836accc26b1c/done
2025-06-12T19:40:17.301Z -
    GET /todo-list
